<?xml version="1.0" encoding="UTF-8"?>
<coverage generated="1652676849860" clover="3.2.0">
  <project timestamp="1652676849860" name="All files">
    <metrics statements="23" coveredstatements="11" conditionals="0" coveredconditionals="0" methods="13" coveredmethods="6" elements="36" coveredelements="17" complexity="0" loc="23" ncloc="23" packages="1" files="7" classes="7"/>
    <file name="App.js" path="/Users/fernandouribe/Desktop/Boot Camp/meet/src/App.js">
      <metrics statements="1" coveredstatements="1" conditionals="0" coveredconditionals="0" methods="1" coveredmethods="1"/>
      <line num="9" count="1" type="stmt"/>
    </file>
    <file name="CitySearch.js" path="/Users/fernandouribe/Desktop/Boot Camp/meet/src/CitySearch.js">
      <metrics statements="11" coveredstatements="0" conditionals="0" coveredconditionals="0" methods="6" coveredmethods="0"/>
      <line num="5" count="0" type="stmt"/>
      <line num="10" count="0" type="stmt"/>
      <line num="11" count="0" type="stmt"/>
      <line num="12" count="0" type="stmt"/>
      <line num="13" count="0" type="stmt"/>
      <line num="15" count="0" type="stmt"/>
      <line num="21" count="0" type="stmt"/>
      <line num="22" count="0" type="stmt"/>
      <line num="28" count="0" type="stmt"/>
      <line num="38" count="0" type="stmt"/>
      <line num="40" count="0" type="stmt"/>
    </file>
    <file name="Event.js" path="/Users/fernandouribe/Desktop/Boot Camp/meet/src/Event.js">
      <metrics statements="1" coveredstatements="0" conditionals="0" coveredconditionals="0" methods="1" coveredmethods="0"/>
      <line num="5" count="0" type="stmt"/>
    </file>
    <file name="EventList.js" path="/Users/fernandouribe/Desktop/Boot Camp/meet/src/EventList.js">
      <metrics statements="3" coveredstatements="3" conditionals="0" coveredconditionals="0" methods="2" coveredmethods="2"/>
      <line num="6" count="1" type="stmt"/>
      <line num="7" count="1" type="stmt"/>
      <line num="10" count="2" type="stmt"/>
    </file>
    <file name="NumberOfEvents.js" path="/Users/fernandouribe/Desktop/Boot Camp/meet/src/NumberOfEvents.js">
      <metrics statements="2" coveredstatements="2" conditionals="0" coveredconditionals="0" methods="1" coveredmethods="1"/>
      <line num="5" count="1" type="stmt"/>
      <line num="10" count="1" type="stmt"/>
    </file>
    <file name="api.js" path="/Users/fernandouribe/Desktop/Boot Camp/meet/src/api.js">
      <metrics statements="4" coveredstatements="4" conditionals="0" coveredconditionals="0" methods="2" coveredmethods="2"/>
      <line num="3" count="1" type="stmt"/>
      <line num="4" count="2" type="stmt"/>
      <line num="5" count="1" type="stmt"/>
      <line num="6" count="1" type="stmt"/>
    </file>
    <file name="mock-data.js" path="/Users/fernandouribe/Desktop/Boot Camp/meet/src/mock-data.js">
      <metrics statements="1" coveredstatements="1" conditionals="0" coveredconditionals="0" methods="0" coveredmethods="0"/>
      <line num="1" count="2" type="stmt"/>
    </file>
  </project>
</coverage>
